<?xml version="1.0" encoding="UTF-8"?>
<!-- Generated by org.testng.reporters.JUnitXMLReporter -->
<testsuite ignored="0" hostname="DESKTOP-86CSM53" failures="0" tests="2" name="home page" time="0.072" errors="0" timestamp="2021-11-20T15:24:53 GMT+01:00">
  <testcase classname="Academy.HomePage" name="@BeforeTest initialize" time="0.003">
    <failure type="java.lang.NullPointerException" message="Cannot invoke &amp;quot;String.equals(Object)&amp;quot; because &amp;quot;BrowserName&amp;quot; is null">
      <![CDATA[java.lang.NullPointerException: Cannot invoke "String.equals(Object)" because "BrowserName" is null
at resources.base.initializeDriver(base.java:38)
at Academy.HomePage.initialize(HomePage.java:30)
... Removed 24 stack frames]]>
    </failure>
  </testcase> <!-- @BeforeTest initialize -->
  <testcase classname="Academy.HomePage" name="@AfterTest TearDown" time="-1.63741829325E9">
    <skipped/>
  </testcase> <!-- @AfterTest TearDown -->
  <testcase classname="Academy.HomePage" name="getNavigationPage" time="0.0">
    <skipped/>
  </testcase> <!-- getNavigationPage -->
  <testcase classname="Academy.HomePage" name="getNavigationPage" time="0.0">
    <skipped/>
  </testcase> <!-- getNavigationPage -->
</testsuite> <!-- home page -->
