<?xml version="1.0" encoding="UTF-8"?>
<!-- Generated by org.testng.reporters.JUnitXMLReporter -->
<testsuite hostname="DESKTOP-86CSM53" name="validate tittle" tests="1" failures="0" timestamp="22 Nov 2021 07:33:04 GMT" time="0.027" errors="0">
  <testcase name="@BeforeTest initialize" time="0.0" classname="Academy.ValidateTittle">
    <failure type="java.lang.NullPointerException">
      <![CDATA[java.lang.NullPointerException
	at resources.base.initializeDriver(base.java:58)
	at Academy.ValidateTittle.initialize(ValidateTittle.java:25)
	at org.apache.maven.surefire.testng.TestNGExecutor.run(TestNGExecutor.java:283)
	at org.apache.maven.surefire.testng.TestNGXmlTestSuite.execute(TestNGXmlTestSuite.java:75)
	at org.apache.maven.surefire.testng.TestNGProvider.invoke(TestNGProvider.java:120)
	at org.apache.maven.surefire.booter.ForkedBooter.invokeProviderInSameClassLoader(ForkedBooter.java:386)
	at org.apache.maven.surefire.booter.ForkedBooter.runSuitesInProcess(ForkedBooter.java:323)
	at org.apache.maven.surefire.booter.ForkedBooter.main(ForkedBooter.java:143)
... Removed 19 stack frames]]>
    </failure>
  </testcase> <!-- @BeforeTest initialize -->
  <testcase name="@AfterTest TearDown" time="0.0" classname="Academy.ValidateTittle">
    <skipped/>
  </testcase> <!-- @AfterTest TearDown -->
  <testcase name="ValidationTittle" time="0.005" classname="Academy.ValidateTittle">
    <skipped/>
  </testcase> <!-- ValidationTittle -->
</testsuite> <!-- validate tittle -->
